This is pdfTeX, Version 3.141592653-2.6-1.40.22 (TeX Live 2022/dev/Debian) (preloaded format=pdflatex 2022.5.5)  7 JUL 2022 13:16
entering extended mode
 restricted \write18 enabled.
 %&-line parsing enabled.
**covidPD.Germany.v1.4.tex
(./covidPD.Germany.v1.4.tex
LaTeX2e <2021-11-15> patch level 1
L3 programming layer <2022-01-21> (./bmcart.cls
Document Class: bmcart 2017/07/31BioMed Central class (VS)
(/usr/share/texlive/texmf-dist/tex/latex/base/article.cls
Document Class: article 2021/10/04 v1.4n Standard LaTeX document class
(/usr/share/texlive/texmf-dist/tex/latex/base/size10.clo
File: size10.clo 2021/10/04 v1.4n Standard LaTeX file (size option)
)
\c@part=\count185
\c@section=\count186
\c@subsection=\count187
\c@subsubsection=\count188
\c@paragraph=\count189
\c@subparagraph=\count190
\c@figure=\count191
\c@table=\count192
\abovecaptionskip=\skip47
\belowcaptionskip=\skip48
\bibindent=\dimen138
)
\mathindent=\dimen139

(/usr/share/texlive/texmf-dist/tex/latex/graphics/keyval.sty
Package: keyval 2014/10/28 v1.15 key=value parser (DPC)
\KV@toks@=\toks16
)
(/usr/share/texlive/texmf-dist/tex/latex/xcolor/xcolor.sty
Package: xcolor 2021/10/31 v2.13 LaTeX color extensions (UK)

(/usr/share/texlive/texmf-dist/tex/latex/graphics-cfg/color.cfg
File: color.cfg 2016/01/02 v1.6 sample color configuration
)
Package xcolor Info: Driver file: pdftex.def on input line 227.

(/usr/share/texlive/texmf-dist/tex/latex/graphics-def/pdftex.def
File: pdftex.def 2020/10/05 v1.2a Graphics/color driver for pdftex
)
Package xcolor Info: Model `cmy' substituted by `cmy0' on input line 1352.
Package xcolor Info: Model `hsb' substituted by `rgb' on input line 1356.
Package xcolor Info: Model `RGB' extended on input line 1368.
Package xcolor Info: Model `HTML' substituted by `rgb' on input line 1370.
Package xcolor Info: Model `Hsb' substituted by `hsb' on input line 1371.
Package xcolor Info: Model `tHsb' substituted by `hsb' on input line 1372.
Package xcolor Info: Model `HSB' substituted by `hsb' on input line 1373.
Package xcolor Info: Model `Gray' substituted by `gray' on input line 1374.
Package xcolor Info: Model `wave' substituted by `hsb' on input line 1375.
)
(/usr/share/texlive/texmf-dist/tex/latex/lastpage/lastpage.sty
Package: lastpage 2021/09/03 v1.2n Refers to last page's name (HMM; JPG)
)
\c@thanks=\count193
\bmcfloat@box=\box50
\c@author=\count194
\c@address=\count195
\sv@mathsurround=\dimen140
\fm@box=\box51
\c@addressref=\count196
\thanks@box=\box52
\abstract@box=\box53
\authors@list=\toks17
\keywords@list=\toks18
)
(/usr/share/texlive/texmf-dist/tex/latex/amscls/amsthm.sty
Package: amsthm 2020/05/29 v2.20.6
\thm@style=\toks19
\thm@bodyfont=\toks20
\thm@headfont=\toks21
\thm@notefont=\toks22
\thm@headpunct=\toks23
\thm@preskip=\skip49
\thm@postskip=\skip50
\thm@headsep=\skip51
\dth@everypar=\toks24
)
(/usr/share/texlive/texmf-dist/tex/latex/amsmath/amsmath.sty
Package: amsmath 2021/10/15 v2.17l AMS math features
\@mathmargin=\skip52

For additional information on amsmath, use the `?' option.
(/usr/share/texlive/texmf-dist/tex/latex/amsmath/amstext.sty
Package: amstext 2021/08/26 v2.01 AMS text

(/usr/share/texlive/texmf-dist/tex/latex/amsmath/amsgen.sty
File: amsgen.sty 1999/11/30 v2.0 generic functions
\@emptytoks=\toks25
\ex@=\dimen141
))
(/usr/share/texlive/texmf-dist/tex/latex/amsmath/amsbsy.sty
Package: amsbsy 1999/11/29 v1.2d Bold Symbols
\pmbraise@=\dimen142
)
(/usr/share/texlive/texmf-dist/tex/latex/amsmath/amsopn.sty
Package: amsopn 2021/08/26 v2.02 operator names
)
\inf@bad=\count197
LaTeX Info: Redefining \frac on input line 234.
\uproot@=\count198
\leftroot@=\count199
LaTeX Info: Redefining \overline on input line 399.
\classnum@=\count266
\DOTSCASE@=\count267
LaTeX Info: Redefining \ldots on input line 496.
LaTeX Info: Redefining \dots on input line 499.
LaTeX Info: Redefining \cdots on input line 620.
\Mathstrutbox@=\box54
\strutbox@=\box55
\big@size=\dimen143
LaTeX Font Info:    Redeclaring font encoding OML on input line 743.
LaTeX Font Info:    Redeclaring font encoding OMS on input line 744.
\macc@depth=\count268
\c@MaxMatrixCols=\count269
\dotsspace@=\muskip16
\c@parentequation=\count270
\dspbrk@lvl=\count271
\tag@help=\toks26
\row@=\count272
\column@=\count273
\maxfields@=\count274
\andhelp@=\toks27
\eqnshift@=\dimen144
\alignsep@=\dimen145
\tagshift@=\dimen146
\tagwidth@=\dimen147
\totwidth@=\dimen148
\lineht@=\dimen149
\@envbody=\toks28
\multlinegap=\skip53
\multlinetaggap=\skip54
\mathdisplay@stack=\toks29
LaTeX Info: Redefining \[ on input line 2938.
LaTeX Info: Redefining \] on input line 2939.
)
(/usr/share/texlive/texmf-dist/tex/latex/acronym/acronym.sty
Package: acronym 2020/04/17 v1.47 Support for acronyms (Tobias Oetiker)

(/usr/share/texlive/texmf-dist/tex/latex/bigfoot/suffix.sty
Package: suffix 2006/07/15 1.5a Variant command support
)
(/usr/share/texlive/texmf-dist/tex/generic/xstring/xstring.sty
(/usr/share/texlive/texmf-dist/tex/generic/xstring/xstring.tex
\integerpart=\count275
\decimalpart=\count276
)
Package: xstring 2021/07/21 v1.84 String manipulations (CT)
)
(/usr/share/texlive/texmf-dist/tex/latex/relsize/relsize.sty
Package: relsize 2013/03/29 ver 4.1
)
\AC@clearlist=\toks30
)
(/usr/share/texlive/texmf-dist/tex/latex/caption/subcaption.sty
Package: subcaption 2020/10/07 v1.3j Sub-captions (AR)

(/usr/share/texlive/texmf-dist/tex/latex/caption/caption.sty
Package: caption 2020/10/26 v3.5g Customizing captions (AR)

(/usr/share/texlive/texmf-dist/tex/latex/caption/caption3.sty
Package: caption3 2020/10/21 v2.2e caption3 kernel (AR)
\captionmargin=\dimen150
\captionmargin@=\dimen151
\captionwidth=\dimen152
\caption@tempdima=\dimen153
\caption@indent=\dimen154
\caption@parindent=\dimen155
\caption@hangindent=\dimen156
Package caption Info: Unknown document class (or package),
(caption)             standard defaults will be used.
Package caption Info: \@makecaption = \long macro:#1#2-> \vskip \abovecaptionsk
ip \parbox [t]{\hsize }{\floatcaption@size {\floatcaptionname@size #1}\hskip .5
em #2\par }\vskip \belowcaptionskip  on input line 1139.
)

Package caption Warning: Unknown document class (or package),
(caption)                standard defaults will be used.
See the caption package documentation for explanation.

\c@caption@flags=\count277
\c@continuedfloat=\count278
)
\c@subfigure=\count279
\c@subtable=\count280
) (/usr/share/texlive/texmf-dist/tex/latex/url/url.sty
\Urlmuskip=\muskip17
Package: url 2013/09/16  ver 3.4  Verb mode for urls, etc.
)
(/usr/share/texlive/texmf-dist/tex/latex/booktabs/booktabs.sty
Package: booktabs 2020/01/12 v1.61803398 Publication quality tables
\heavyrulewidth=\dimen157
\lightrulewidth=\dimen158
\cmidrulewidth=\dimen159
\belowrulesep=\dimen160
\belowbottomsep=\dimen161
\aboverulesep=\dimen162
\abovetopsep=\dimen163
\cmidrulesep=\dimen164
\cmidrulekern=\dimen165
\defaultaddspace=\dimen166
\@cmidla=\count281
\@cmidlb=\count282
\@aboverulesep=\dimen167
\@belowrulesep=\dimen168
\@thisruleclass=\count283
\@lastruleclass=\count284
\@thisrulewidth=\dimen169
)
(/usr/share/texlive/texmf-dist/tex/latex/float/float.sty
Package: float 2001/11/08 v1.3d Float enhancements (AL)
\c@float@type=\count285
\float@exts=\toks31
\float@box=\box56
\@float@everytoks=\toks32
\@floatcapt=\box57
)
(/usr/share/texlive/texmf-dist/tex/latex/base/inputenc.sty
Package: inputenc 2021/02/14 v1.3d Input encoding file
\inpenc@prehook=\toks33
\inpenc@posthook=\toks34
)
(/usr/share/texlive/texmf-dist/tex/latex/graphics/graphicx.sty
Package: graphicx 2021/09/16 v1.2d Enhanced LaTeX Graphics (DPC,SPQR)

(/usr/share/texlive/texmf-dist/tex/latex/graphics/graphics.sty
Package: graphics 2021/03/04 v1.4d Standard LaTeX Graphics (DPC,SPQR)

(/usr/share/texlive/texmf-dist/tex/latex/graphics/trig.sty
Package: trig 2021/08/11 v1.11 sin cos tan (DPC)
)
(/usr/share/texlive/texmf-dist/tex/latex/graphics-cfg/graphics.cfg
File: graphics.cfg 2016/06/04 v1.11 sample graphics configuration
)
Package graphics Info: Driver file: pdftex.def on input line 107.
)
\Gin@req@height=\dimen170
\Gin@req@width=\dimen171
)
(/usr/share/texlive/texmf-dist/tex/latex/pdflscape/pdflscape.sty
Package: pdflscape 2019/12/05 v0.12 Display of landscape pages in PDF (HO)

(/usr/share/texlive/texmf-dist/tex/generic/iftex/iftex.sty
Package: iftex 2020/03/06 v1.0d TeX engine tests
)
(/usr/share/texlive/texmf-dist/tex/latex/graphics/lscape.sty
Package: lscape 2020/05/28 v3.02 Landscape Pages (DPC)
)
Package pdflscape Info: Auto-detected driver: pdftex on input line 81.
)
(/usr/share/texlive/texmf-dist/tex/latex/svg/svg.sty
Package: svg 2020/11/26 v2.02k (include SVG pictures)

(/usr/share/texlive/texmf-dist/tex/latex/koma-script/scrbase.sty
Package: scrbase 2021/11/13 v3.35 KOMA-Script package (KOMA-Script-independent 
basics and keyval usage)

(/usr/share/texlive/texmf-dist/tex/latex/koma-script/scrlfile.sty
Package: scrlfile 2021/11/13 v3.35 KOMA-Script package (file load hooks)

(/usr/share/texlive/texmf-dist/tex/latex/koma-script/scrlfile-hook.sty
Package: scrlfile-hook 2021/11/13 v3.35 KOMA-Script package (using LaTeX hooks)


(/usr/share/texlive/texmf-dist/tex/latex/koma-script/scrlogo.sty
Package: scrlogo 2021/11/13 v3.35 KOMA-Script package (logo)
)))
Applying: [2021/05/01] Usage of raw or classic option list on input line 252.
Already applied: [0000/00/00] Usage of raw or classic option list on input line
 368.
)
(/usr/share/texlive/texmf-dist/tex/generic/pdftexcmds/pdftexcmds.sty
Package: pdftexcmds 2020-06-27 v0.33 Utility functions of pdfTeX for LuaTeX (HO
)

(/usr/share/texlive/texmf-dist/tex/generic/infwarerr/infwarerr.sty
Package: infwarerr 2019/12/03 v1.5 Providing info/warning/error messages (HO)
)
(/usr/share/texlive/texmf-dist/tex/generic/ltxcmds/ltxcmds.sty
Package: ltxcmds 2020-05-10 v1.25 LaTeX kernel commands for general use (HO)
)
Package pdftexcmds Info: \pdf@primitive is available.
Package pdftexcmds Info: \pdf@ifprimitive is available.
Package pdftexcmds Info: \pdfdraftmode found.
)
(/usr/share/texlive/texmf-dist/tex/latex/trimspaces/trimspaces.sty
Package: trimspaces 2009/09/17 v1.1 Trim spaces around a token list
)
(/usr/share/texlive/texmf-dist/tex/latex/tools/shellesc.sty
Package: shellesc 2019/11/08 v1.0c unified shell escape interface for LaTeX
Package shellesc Info: Restricted shell escape enabled on input line 77.
)
\c@svg@param@lastpage=\count286
\svg@box=\box58
\c@svg@param@currpage=\count287
)
(/usr/share/texlive/texmf-dist/tex/latex/transparent/transparent.sty
Package: transparent 2019/11/29 v1.4 Transparency via pdfTeX's color stack (HO)


(/usr/share/texlive/texmf-dist/tex/latex/auxhook/auxhook.sty
Package: auxhook 2019-12-17 v1.6 Hooks for auxiliary files (HO)
))
(/usr/share/texlive/texmf-dist/tex/latex/pgf/systemlayer/pgfsys.sty
(/usr/share/texlive/texmf-dist/tex/latex/pgf/utilities/pgfrcs.sty
(/usr/share/texlive/texmf-dist/tex/generic/pgf/utilities/pgfutil-common.tex
\pgfutil@everybye=\toks35
\pgfutil@tempdima=\dimen172
\pgfutil@tempdimb=\dimen173

(/usr/share/texlive/texmf-dist/tex/generic/pgf/utilities/pgfutil-common-lists.t
ex)) (/usr/share/texlive/texmf-dist/tex/generic/pgf/utilities/pgfutil-latex.def
\pgfutil@abb=\box59
) (/usr/share/texlive/texmf-dist/tex/generic/pgf/utilities/pgfrcs.code.tex
(/usr/share/texlive/texmf-dist/tex/generic/pgf/pgf.revision.tex)
Package: pgfrcs 2021/05/15 v3.1.9a (3.1.9a)
))
(/usr/share/texlive/texmf-dist/tex/generic/pgf/systemlayer/pgfsys.code.tex
Package: pgfsys 2021/05/15 v3.1.9a (3.1.9a)

(/usr/share/texlive/texmf-dist/tex/generic/pgf/utilities/pgfkeys.code.tex
\pgfkeys@pathtoks=\toks36
\pgfkeys@temptoks=\toks37

(/usr/share/texlive/texmf-dist/tex/generic/pgf/utilities/pgfkeysfiltered.code.t
ex
\pgfkeys@tmptoks=\toks38
))
\pgf@x=\dimen174
\pgf@y=\dimen175
\pgf@xa=\dimen176
\pgf@ya=\dimen177
\pgf@xb=\dimen178
\pgf@yb=\dimen179
\pgf@xc=\dimen180
\pgf@yc=\dimen181
\pgf@xd=\dimen182
\pgf@yd=\dimen183
\w@pgf@writea=\write3
\r@pgf@reada=\read2
\c@pgf@counta=\count288
\c@pgf@countb=\count289
\c@pgf@countc=\count290
\c@pgf@countd=\count291
\t@pgf@toka=\toks39
\t@pgf@tokb=\toks40
\t@pgf@tokc=\toks41
\pgf@sys@id@count=\count292
 (/usr/share/texlive/texmf-dist/tex/generic/pgf/systemlayer/pgf.cfg
File: pgf.cfg 2021/05/15 v3.1.9a (3.1.9a)
)
Driver file for pgf: pgfsys-pdftex.def

(/usr/share/texlive/texmf-dist/tex/generic/pgf/systemlayer/pgfsys-pdftex.def
File: pgfsys-pdftex.def 2021/05/15 v3.1.9a (3.1.9a)

(/usr/share/texlive/texmf-dist/tex/generic/pgf/systemlayer/pgfsys-common-pdf.de
f
File: pgfsys-common-pdf.def 2021/05/15 v3.1.9a (3.1.9a)
)))
(/usr/share/texlive/texmf-dist/tex/generic/pgf/systemlayer/pgfsyssoftpath.code.
tex
File: pgfsyssoftpath.code.tex 2021/05/15 v3.1.9a (3.1.9a)
\pgfsyssoftpath@smallbuffer@items=\count293
\pgfsyssoftpath@bigbuffer@items=\count294
)
(/usr/share/texlive/texmf-dist/tex/generic/pgf/systemlayer/pgfsysprotocol.code.
tex
File: pgfsysprotocol.code.tex 2021/05/15 v3.1.9a (3.1.9a)
)) (/usr/share/texlive/texmf-dist/tex/latex/l3backend/l3backend-pdftex.def
File: l3backend-pdftex.def 2022-01-12 L3 backend support: PDF output (pdfTeX)
\l__color_backend_stack_int=\count295
\l__pdf_internal_box=\box60
)
(./covidPD.Germany.v1.4.aux)
\openout1 = `covidPD.Germany.v1.4.aux'.

LaTeX Font Info:    Checking defaults for OML/cmm/m/it on input line 71.
LaTeX Font Info:    ... okay on input line 71.
LaTeX Font Info:    Checking defaults for OMS/cmsy/m/n on input line 71.
LaTeX Font Info:    ... okay on input line 71.
LaTeX Font Info:    Checking defaults for OT1/cmr/m/n on input line 71.
LaTeX Font Info:    ... okay on input line 71.
LaTeX Font Info:    Checking defaults for T1/cmr/m/n on input line 71.
LaTeX Font Info:    ... okay on input line 71.
LaTeX Font Info:    Checking defaults for TS1/cmr/m/n on input line 71.
LaTeX Font Info:    ... okay on input line 71.
LaTeX Font Info:    Checking defaults for OMX/cmex/m/n on input line 71.
LaTeX Font Info:    ... okay on input line 71.
LaTeX Font Info:    Checking defaults for U/cmr/m/n on input line 71.
LaTeX Font Info:    ... okay on input line 71.

(/usr/share/texlive/texmf-dist/tex/context/base/mkii/supp-pdf.mkii
[Loading MPS to PDF converter (version 2006.09.02).]
\scratchcounter=\count296
\scratchdimen=\dimen184
\scratchbox=\box61
\nofMPsegments=\count297
\nofMParguments=\count298
\everyMPshowfont=\toks42
\MPscratchCnt=\count299
\MPscratchDim=\dimen185
\MPnumerator=\count300
\makeMPintoPDFobject=\count301
\everyMPtoPDFconversion=\toks43
) (/usr/share/texlive/texmf-dist/tex/latex/epstopdf-pkg/epstopdf-base.sty
Package: epstopdf-base 2020-01-24 v2.11 Base part for package epstopdf
Package epstopdf-base Info: Redefining graphics rule for `.eps' on input line 4
85.

(/usr/share/texlive/texmf-dist/tex/latex/latexconfig/epstopdf-sys.cfg
File: epstopdf-sys.cfg 2010/07/13 v1.3 Configuration of (r)epstopdf for TeX Liv
e
))
Package lastpage Info: Please have a look at the pageslts package at
(lastpage)             https://www.ctan.org/pkg/pageslts
(lastpage)             ! on input line 71.
Package caption Info: Begin \AtBeginDocument code.
Package caption Info: float package is loaded.
Package caption Info: End \AtBeginDocument code.


LaTeX Font Warning: Font shape `OT1/cmss/bx/n' in size <13> not available
(Font)              size <12> substituted on input line 77.


LaTeX Font Warning: Font shape `OT1/cmss/m/n' in size <24> not available
(Font)              size <24.88> substituted on input line 83.

LaTeX Font Info:    Calculating math sizes for size <11> on input line 92.

LaTeX Font Warning: Font shape `OT1/cmr/m/n' in size <5.5> not available
(Font)              size <5> substituted on input line 92.


LaTeX Font Warning: Font shape `OML/cmm/m/it' in size <5.5> not available
(Font)              size <5> substituted on input line 92.


LaTeX Font Warning: Font shape `OMS/cmsy/m/n' in size <5.5> not available
(Font)              size <5> substituted on input line 92.

\address@aff1=\toks44
\address@aff2=\toks45
Package acronym Info: Label `acro:pd' newly defined as it shall be overridden
although it is yet undefined on input line 148.

LaTeX Font Warning: Font shape `OT1/cmss/m/sc' in size <10> not available
(Font)              Font shape `OT1/cmr/m/sc' tried instead on input line 148.

Package acronym Info: Label `acro:glm' newly defined as it shall be overridden
although it is yet undefined on input line 151.
LaTeX Font Info:    Font shape `OT1/cmss/m/it' in size <10> not available
(Font)              Font shape `OT1/cmss/m/sl' tried instead on input line 154.

Package acronym Info: Label `acro:sdh' newly defined as it shall be overridden
although it is yet undefined on input line 157.
LaTeX Font Info:    Font shape `OT1/cmss/m/it' in size <8> not available
(Font)              Font shape `OT1/cmss/m/sl' tried instead on input line 189.

[1{/var/lib/texmf/fonts/map/pdftex/updmap/pdftex.map}

] [2]
Package acronym Info: Label `acro:icarepd' newly defined as it shall be overrid
den
although it is yet undefined on input line 207.

Underfull \hbox (badness 10000) in paragraph at lines 212--212
$[]$[]$\OT1/cmr/m/n/10 https : / / www . bbsr . bund . de / BBSR / DE / forschu
ng / raumbeobachtung /
 []


Underfull \hbox (badness 10000) in paragraph at lines 212--212
\OT1/cmr/m/n/10 Raumabgrenzungen / deutschland / regionen / Raumordnungsregione
n /
 []

[3]
Package acronym Info: Label `acro:pmm' newly defined as it shall be overridden
although it is yet undefined on input line 221.
Package acronym Info: Label `acro:aic' newly defined as it shall be overridden
although it is yet undefined on input line 221.
Package acronym Info: Label `acro:auc' newly defined as it shall be overridden
although it is yet undefined on input line 221.
 [4]
Package acronym Info: Label `acro:gp' newly defined as it shall be overridden
although it is yet undefined on input line 234.
 [5] [6]

LaTeX Warning: Citation `van2021state' on page 7 undefined on input line 297.

[7]
Package acronym Info: Label `acro:dpv' newly defined as it shall be overridden
although it is yet undefined on input line 315.
 (./covidPD.Germany.v1.4.bbl [8]
LaTeX Font Info:    Trying to load font information for TS1+cmss on input line 
60.

(/usr/share/texlive/texmf-dist/tex/latex/base/ts1cmss.fd
File: ts1cmss.fd 2019/12/16 v2.5j Standard LaTeX font definitions
)
Underfull \vbox (badness 10000) has occurred while \output is active []

 [9])
[10]
<media//fig1a.questionnaires.v1.0.png, id=54, 124.0635pt x 130.3269pt>
File: media//fig1a.questionnaires.v1.0.png Graphic file (type png)
<use media//fig1a.questionnaires.v1.0.png>
Package pdftex.def Info: media//fig1a.questionnaires.v1.0.png  used on input li
ne 393.
(pdftex.def)             Requested size: 113.7162pt x 119.45673pt.
<media//fig1b.population_density.1.0.png, id=56, 129.3633pt x 132.2541pt>
File: media//fig1b.population_density.1.0.png Graphic file (type png)
<use media//fig1b.population_density.1.0.png>
Package pdftex.def Info: media//fig1b.population_density.1.0.png  used on input
 line 397.
(pdftex.def)             Requested size: 113.7162pt x 116.25883pt.
<media//fig1c.neurologist_density.v1.0.png, id=57, 128.1588pt x 130.3269pt>
File: media//fig1c.neurologist_density.v1.0.png Graphic file (type png)
<use media//fig1c.neurologist_density.v1.0.png>
Package pdftex.def Info: media//fig1c.neurologist_density.v1.0.png  used on inp
ut line 401.
(pdftex.def)             Requested size: 113.7162pt x 115.64056pt.

Overfull \hbox (30.55661pt too wide) in paragraph at lines 392--404
 [][][][] 
 []

<media//fig2.satisfaction.care.v1.0.jpeg, id=58, 674.52pt x 674.52pt>
File: media//fig2.satisfaction.care.v1.0.jpeg Graphic file (type jpg)
<use media//fig2.satisfaction.care.v1.0.jpeg>
Package pdftex.def Info: media//fig2.satisfaction.care.v1.0.jpeg  used on input
 line 410.
(pdftex.def)             Requested size: 324.8978pt x 324.89807pt.
<media//fig3.oddsratios.v1.0.jpeg, id=59, 1054.94125pt x 936.49875pt>
File: media//fig3.oddsratios.v1.0.jpeg Graphic file (type jpg)
<use media//fig3.oddsratios.v1.0.jpeg>
Package pdftex.def Info: media//fig3.oddsratios.v1.0.jpeg  used on input line 4
19.
(pdftex.def)             Requested size: 361.0pt x 320.46309pt.

Overfull \hbox (12.5pt too wide) in paragraph at lines 419--420
 [][] 
 []


LaTeX Warning: `!h' float specifier changed to `!ht'.

<media//fig4.model.comparison.v1.0.jpg, id=60, 1224.575pt x 1159.33125pt>
File: media//fig4.model.comparison.v1.0.jpg Graphic file (type jpg)
<use media//fig4.model.comparison.v1.0.jpg>
Package pdftex.def Info: media//fig4.model.comparison.v1.0.jpg  used on input l
ine 425.
(pdftex.def)             Requested size: 303.23868pt x 287.07246pt.

LaTeX Warning: `!h' float specifier changed to `!ht'.

[11 <./media//fig1a.questionnaires.v1.0.png> <./media//fig1b.population_density
.1.0.png> <./media//fig1c.neurologist_density.v1.0.png> <./media//fig2.satisfac
tion.care.v1.0.jpeg>]
Overfull \vbox (75.0055pt too high) has occurred while \output is active []


[12 <./media//fig3.oddsratios.v1.0.jpeg>]
Overfull \hbox (11.47942pt too wide) in paragraph at lines 477--491
 [][] 
 []

[13 <./media//fig4.model.comparison.v1.0.jpg>]

LaTeX Font Warning: Font shape `OT1/cmss/bx/sc' undefined
(Font)              using `OT1/cmss/bx/n' instead on input line 508.


LaTeX Font Warning: Font shape `OT1/cmss/bx/it' undefined
(Font)              using `OT1/cmss/bx/n' instead on input line 537.


Underfull \hbox (badness 10000) in paragraph at lines 546--546
[]\OT1/cmss/m/n/8 Disparty in
 []


Underfull \hbox (badness 10000) in paragraph at lines 547--547
[]\OT1/cmss/m/n/8 Unavailability
 []


Underfull \hbox (badness 10000) in paragraph at lines 547--547
\OT1/cmss/m/n/8 of Spe-cial-
 []


Underfull \hbox (badness 10000) in paragraph at lines 547--547
\OT1/cmss/m/n/8 ists Ser-vices/
 []


Underfull \hbox (badness 10000) in paragraph at lines 548--548
[]\OT1/cmss/m/n/8 Unavailability
 []


Underfull \hbox (badness 10000) in paragraph at lines 548--548
\OT1/cmss/m/n/8 of Spe-cial-its
 []


Underfull \hbox (badness 10000) in paragraph at lines 549--549
[]\OT1/cmss/m/n/8 Unavailability
 []


Underfull \hbox (badness 10000) in paragraph at lines 549--549
\OT1/cmss/m/n/8 of Spe-cial-
 []


Underfull \hbox (badness 10000) in paragraph at lines 549--549
\OT1/cmss/m/n/8 ists Ser-vices/
 []


Underfull \hbox (badness 10000) in paragraph at lines 550--550
[]\OT1/cmss/m/n/8 Disparatiey
 []


Underfull \hbox (badness 10000) in paragraph at lines 550--550
\OT1/cmss/m/n/8 in Health-
 []


Underfull \hbox (badness 10000) in paragraph at lines 550--550
\OT1/cmss/m/n/8 care Ser-vices/
 []


Underfull \hbox (badness 10000) in paragraph at lines 551--551
[]\OT1/cmss/m/n/8 Disparatiey
 []


Underfull \hbox (badness 10000) in paragraph at lines 551--551
\OT1/cmss/m/n/8 in Health-care
 []


Underfull \hbox (badness 892) in paragraph at lines 555--555
[]\OT1/cmss/m/n/8 B14 - Com-mu-ni-ca-tion chal-lenges pre
 []


Underfull \hbox (badness 10000) in paragraph at lines 555--555
[]\OT1/cmss/m/n/8 Communication
 []


Underfull \hbox (badness 1852) in paragraph at lines 556--556
[]\OT1/cmss/m/n/8 B15 - Ex-pe-ri-enced stigma-ti-za-tion in
 []


Underfull \hbox (badness 10000) in paragraph at lines 556--556
[]\OT1/cmss/m/n/8 Communication
 []


Underfull \hbox (badness 10000) in paragraph at lines 559--559
[]\OT1/cmss/m/n/8 Unavailability
 []


Underfull \hbox (badness 10000) in paragraph at lines 559--559
\OT1/cmss/m/n/8 of Spe-cial-it-
 []


Underfull \hbox (badness 10000) in paragraph at lines 559--559
\OT1/cmss/m/n/8 sts Ser-vices/
 []


Underfull \hbox (badness 10000) in paragraph at lines 559--559
\OT1/cmss/m/n/8 Com-mu-ni-ca-tion
 []


Underfull \hbox (badness 10000) in paragraph at lines 560--560
[]\OT1/cmss/m/n/8 Disparities in
 []


Underfull \hbox (badness 10000) in paragraph at lines 567--567
[]\OT1/cmss/m/n/8 Disparty in
 []


Underfull \hbox (badness 10000) in paragraph at lines 568--568
[]\OT1/cmss/m/n/8 Disparty in
 []


Overfull \hbox (39.6214pt too wide) in paragraph at lines 535--571
 [][] 
 []


AED: lastpage setting LastPage
[14]

LaTeX Warning: Text page 15 contains only floats.

[15] (./covidPD.Germany.v1.4.aux)

LaTeX Font Warning: Size substitutions with differences
(Font)              up to 1.0pt have occurred.


LaTeX Font Warning: Some font shapes were not available, defaults substituted.


LaTeX Warning: There were undefined references.

 ) 
Here is how much of TeX's memory you used:
 8073 strings out of 480121
 147301 string characters out of 5892161
 489894 words of memory out of 5000000
 25871 multiletter control sequences out of 15000+600000
 479515 words of font info for 63 fonts, out of 8000000 for 9000
 59 hyphenation exceptions out of 8191
 94i,11n,92p,1871b,479s stack positions out of 5000i,500n,10000p,200000b,80000s
 </home/david/.texlive2021/texmf-var/fonts/pk/ljfour/jknappen/ec/tcss0700.600
pk> </home/david/.texlive2021/texmf-var/fonts/pk/ljfour/jknappen/ec/tcrm1000.60
0pk></usr/share/texlive/texmf-dist/fonts/type1/public/amsfonts/cm/cmbx10.pfb></
usr/share/texlive/texmf-dist/fonts/type1/public/amsfonts/cm/cmcsc10.pfb></usr/s
hare/texlive/texmf-dist/fonts/type1/public/amsfonts/cm/cmmi10.pfb></usr/share/t
exlive/texmf-dist/fonts/type1/public/amsfonts/cm/cmmi8.pfb></usr/share/texlive/
texmf-dist/fonts/type1/public/amsfonts/cm/cmr10.pfb></usr/share/texlive/texmf-d
ist/fonts/type1/public/amsfonts/cm/cmr5.pfb></usr/share/texlive/texmf-dist/font
s/type1/public/amsfonts/cm/cmr7.pfb></usr/share/texlive/texmf-dist/fonts/type1/
public/amsfonts/cm/cmr8.pfb></usr/share/texlive/texmf-dist/fonts/type1/public/a
msfonts/cm/cmss10.pfb></usr/share/texlive/texmf-dist/fonts/type1/public/amsfont
s/cm/cmss17.pfb></usr/share/texlive/texmf-dist/fonts/type1/public/amsfonts/cm/c
mss8.pfb></usr/share/texlive/texmf-dist/fonts/type1/public/amsfonts/cm/cmssbx10
.pfb></usr/share/texlive/texmf-dist/fonts/type1/public/amsfonts/cm/cmssi10.pfb>
</usr/share/texlive/texmf-dist/fonts/type1/public/amsfonts/cm/cmssi8.pfb></usr/
share/texlive/texmf-dist/fonts/type1/public/amsfonts/cm/cmsy7.pfb></usr/share/t
exlive/texmf-dist/fonts/type1/public/amsfonts/cm/cmti10.pfb>
Output written on covidPD.Germany.v1.4.pdf (15 pages, 1338730 bytes).
PDF statistics:
 157 PDF objects out of 1000 (max. 8388607)
 95 compressed objects within 1 object stream
 0 named destinations out of 1000 (max. 500000)
 43 words of extra memory for PDF output out of 10000 (max. 10000000)

