This is pdfTeX, Version 3.141592653-2.6-1.40.24 (MiKTeX 22.3) (preloaded format=pdflatex 2022.6.16)  26 JUN 2022 22:45
entering extended mode
 restricted \write18 enabled.
 %&-line parsing enabled.
**./covidPD.Germany.v1.2.tex
(covidPD.Germany.v1.2.tex
LaTeX2e <2022-06-01> pre-release-0 (develop 2022-6-16 branch)
L3 programming layer <2022-06-02> (bmcart.cls
Document Class: bmcart 2017/07/31BioMed Central class (VS)
(C:\Program Files\MiKTeX\tex/latex/base\article.cls
Document Class: article 2021/10/04 v1.4n Standard LaTeX document class
(C:\Program Files\MiKTeX\tex/latex/base\size10.clo
File: size10.clo 2021/10/04 v1.4n Standard LaTeX file (size option)
)
\c@part=\count185
\c@section=\count186
\c@subsection=\count187
\c@subsubsection=\count188
\c@paragraph=\count189
\c@subparagraph=\count190
\c@figure=\count191
\c@table=\count192
\abovecaptionskip=\skip47
\belowcaptionskip=\skip48
\bibindent=\dimen138
)
\mathindent=\dimen139

(C:\Program Files\MiKTeX\tex/latex/graphics\keyval.sty
Package: keyval 2022/05/29 v1.15 key=value parser (DPC)
\KV@toks@=\toks16
)
(C:\Program Files\MiKTeX\tex/latex/xcolor\xcolor.sty
Package: xcolor 2021/10/31 v2.13 LaTeX color extensions (UK)

(C:\Program Files\MiKTeX\tex/latex/graphics-cfg\color.cfg
File: color.cfg 2016/01/02 v1.6 sample color configuration
)
Package xcolor Info: Driver file: pdftex.def on input line 227.

(C:\Program Files\MiKTeX\tex/latex/graphics-def\pdftex.def
File: pdftex.def 2020/10/05 v1.2a Graphics/color driver for pdftex
)
Package xcolor Info: Model `cmy' substituted by `cmy0' on input line 1352.
Package xcolor Info: Model `hsb' substituted by `rgb' on input line 1356.
Package xcolor Info: Model `RGB' extended on input line 1368.
Package xcolor Info: Model `HTML' substituted by `rgb' on input line 1370.
Package xcolor Info: Model `Hsb' substituted by `hsb' on input line 1371.
Package xcolor Info: Model `tHsb' substituted by `hsb' on input line 1372.
Package xcolor Info: Model `HSB' substituted by `hsb' on input line 1373.
Package xcolor Info: Model `Gray' substituted by `gray' on input line 1374.
Package xcolor Info: Model `wave' substituted by `hsb' on input line 1375.
)
(C:\Program Files\MiKTeX\tex/latex/lastpage\lastpage.sty
Package: lastpage 2021/09/03 v1.2n Refers to last page's name (HMM; JPG)
)
\c@thanks=\count193
\bmcfloat@box=\box51
\c@author=\count194
\c@address=\count195
\sv@mathsurround=\dimen140
\fm@box=\box52
\c@addressref=\count196
\thanks@box=\box53
\abstract@box=\box54
\authors@list=\toks17
\keywords@list=\toks18
)
(C:\Program Files\MiKTeX\tex/latex/amscls\amsthm.sty
Package: amsthm 2020/05/29 v2.20.6
\thm@style=\toks19
\thm@bodyfont=\toks20
\thm@headfont=\toks21
\thm@notefont=\toks22
\thm@headpunct=\toks23
\thm@preskip=\skip49
\thm@postskip=\skip50
\thm@headsep=\skip51
\dth@everypar=\toks24
)
(C:\Program Files\MiKTeX\tex/latex/amsmath\amsmath.sty
Package: amsmath 2022/04/08 v2.17n AMS math features
\@mathmargin=\skip52

For additional information on amsmath, use the `?' option.
(C:\Program Files\MiKTeX\tex/latex/amsmath\amstext.sty
Package: amstext 2021/08/26 v2.01 AMS text

(C:\Program Files\MiKTeX\tex/latex/amsmath\amsgen.sty
File: amsgen.sty 1999/11/30 v2.0 generic functions
\@emptytoks=\toks25
\ex@=\dimen141
))
(C:\Program Files\MiKTeX\tex/latex/amsmath\amsbsy.sty
Package: amsbsy 1999/11/29 v1.2d Bold Symbols
\pmbraise@=\dimen142
)
(C:\Program Files\MiKTeX\tex/latex/amsmath\amsopn.sty
Package: amsopn 2022/04/08 v2.04 operator names
)
\inf@bad=\count197
LaTeX Info: Redefining \frac on input line 234.
\uproot@=\count198
\leftroot@=\count199
LaTeX Info: Redefining \overline on input line 399.
LaTeX Info: Redefining \colon on input line 410.
\classnum@=\count266
\DOTSCASE@=\count267
LaTeX Info: Redefining \ldots on input line 496.
LaTeX Info: Redefining \dots on input line 499.
LaTeX Info: Redefining \cdots on input line 620.
\Mathstrutbox@=\box55
\strutbox@=\box56
LaTeX Info: Redefining \big on input line 722.
LaTeX Info: Redefining \Big on input line 723.
LaTeX Info: Redefining \bigg on input line 724.
LaTeX Info: Redefining \Bigg on input line 725.
\big@size=\dimen143
LaTeX Font Info:    Redeclaring font encoding OML on input line 743.
LaTeX Font Info:    Redeclaring font encoding OMS on input line 744.
\macc@depth=\count268
LaTeX Info: Redefining \bmod on input line 905.
LaTeX Info: Redefining \pmod on input line 910.
LaTeX Info: Redefining \smash on input line 940.
LaTeX Info: Redefining \relbar on input line 970.
LaTeX Info: Redefining \Relbar on input line 971.
\c@MaxMatrixCols=\count269
\dotsspace@=\muskip16
\c@parentequation=\count270
\dspbrk@lvl=\count271
\tag@help=\toks26
\row@=\count272
\column@=\count273
\maxfields@=\count274
\andhelp@=\toks27
\eqnshift@=\dimen144
\alignsep@=\dimen145
\tagshift@=\dimen146
\tagwidth@=\dimen147
\totwidth@=\dimen148
\lineht@=\dimen149
\@envbody=\toks28
\multlinegap=\skip53
\multlinetaggap=\skip54
\mathdisplay@stack=\toks29
LaTeX Info: Redefining \[ on input line 2953.
LaTeX Info: Redefining \] on input line 2954.
)
(C:\Program Files\MiKTeX\tex/latex/acronym\acronym.sty
Package: acronym 2020/04/17 v1.47 Support for acronyms (Tobias Oetiker)

(C:\Program Files\MiKTeX\tex/latex/bigfoot\suffix.sty
Package: suffix 2006/07/15 1.5a Variant command support
)
(C:\Program Files\MiKTeX\tex/latex/xstring\xstring.sty
(C:\Program Files\MiKTeX\tex/generic/xstring\xstring.tex
\integerpart=\count275
\decimalpart=\count276
)
Package: xstring 2021/07/21 v1.84 String manipulations (CT)
)
(C:\Program Files\MiKTeX\tex/latex/relsize\relsize.sty
Package: relsize 2013/03/29 ver 4.1
)
\AC@clearlist=\toks30
)
(C:\Program Files\MiKTeX\tex/latex/caption\subcaption.sty
Package: subcaption 2022/01/07 v1.5 Sub-captions (AR)

(C:\Program Files\MiKTeX\tex/latex/caption\caption.sty
Package: caption 2022/03/01 v3.6b Customizing captions (AR)

(C:\Program Files\MiKTeX\tex/latex/caption\caption3.sty
Package: caption3 2022/03/17 v2.3b caption3 kernel (AR)
\caption@tempdima=\dimen150
\captionmargin=\dimen151
\caption@leftmargin=\dimen152
\caption@rightmargin=\dimen153
\caption@width=\dimen154
\caption@indent=\dimen155
\caption@parindent=\dimen156
\caption@hangindent=\dimen157
Package caption Info: Unknown document class (or package),
(caption)             standard defaults will be used.
Package caption Info: \@makecaption = \long macro:#1#2-> \vskip \abovecaptionsk
ip \parbox [t]{\hsize }{\floatcaption@size {\floatcaptionname@size #1}\hskip .5
em #2\par }\vskip \belowcaptionskip  on input line 1176.
)

Package caption Warning: Unknown document class (or package),
(caption)                standard defaults will be used.
See the caption package documentation for explanation.

\c@caption@flags=\count277
\c@continuedfloat=\count278
)
\c@subfigure=\count279
\c@subtable=\count280
) (C:\Program Files\MiKTeX\tex/latex/url\url.sty
\Urlmuskip=\muskip17
Package: url 2013/09/16  ver 3.4  Verb mode for urls, etc.
)
(C:\Program Files\MiKTeX\tex/latex/booktabs\booktabs.sty
Package: booktabs 2020/01/12 v1.61803398 Publication quality tables
\heavyrulewidth=\dimen158
\lightrulewidth=\dimen159
\cmidrulewidth=\dimen160
\belowrulesep=\dimen161
\belowbottomsep=\dimen162
\aboverulesep=\dimen163
\abovetopsep=\dimen164
\cmidrulesep=\dimen165
\cmidrulekern=\dimen166
\defaultaddspace=\dimen167
\@cmidla=\count281
\@cmidlb=\count282
\@aboverulesep=\dimen168
\@belowrulesep=\dimen169
\@thisruleclass=\count283
\@lastruleclass=\count284
\@thisrulewidth=\dimen170
)
(C:\Program Files\MiKTeX\tex/latex/float\float.sty
Package: float 2001/11/08 v1.3d Float enhancements (AL)
\c@float@type=\count285
\float@exts=\toks31
\float@box=\box57
\@float@everytoks=\toks32
\@floatcapt=\box58
)
(C:\Program Files\MiKTeX\tex/latex/base\inputenc.sty
Package: inputenc 2021/02/14 v1.3d Input encoding file
\inpenc@prehook=\toks33
\inpenc@posthook=\toks34
)
(C:\Program Files\MiKTeX\tex/latex/graphics\graphicx.sty
Package: graphicx 2021/09/16 v1.2d Enhanced LaTeX Graphics (DPC,SPQR)

(C:\Program Files\MiKTeX\tex/latex/graphics\graphics.sty
Package: graphics 2022/03/10 v1.4e Standard LaTeX Graphics (DPC,SPQR)

(C:\Program Files\MiKTeX\tex/latex/graphics\trig.sty
Package: trig 2021/08/11 v1.11 sin cos tan (DPC)
)
(C:\Program Files\MiKTeX\tex/latex/graphics-cfg\graphics.cfg
File: graphics.cfg 2016/06/04 v1.11 sample graphics configuration
)
Package graphics Info: Driver file: pdftex.def on input line 107.
)
\Gin@req@height=\dimen171
\Gin@req@width=\dimen172
)
(C:\Program Files\MiKTeX\tex/latex/pdflscape\pdflscape.sty
Package: pdflscape 2019/12/05 v0.12 Display of landscape pages in PDF (HO)

(C:\Program Files\MiKTeX\tex/generic/iftex\iftex.sty
Package: iftex 2022/02/03 v1.0f TeX engine tests
)
(C:\Program Files\MiKTeX\tex/latex/graphics\lscape.sty
Package: lscape 2020/05/28 v3.02 Landscape Pages (DPC)
)
Package pdflscape Info: Auto-detected driver: pdftex on input line 81.
)
(C:\Program Files\MiKTeX\tex/latex/svg\svg.sty
Package: svg 2020/11/26 v2.02k (include SVG pictures)

(C:\Program Files\MiKTeX\tex/latex/koma-script\scrbase.sty
Package: scrbase 2022/05/01 v3.36 KOMA-Script package (KOMA-Script-independent 
basics and keyval usage)

(C:\Program Files\MiKTeX\tex/latex/koma-script\scrlfile.sty
Package: scrlfile 2022/05/01 v3.36 KOMA-Script package (file load hooks)

(C:\Program Files\MiKTeX\tex/latex/koma-script\scrlfile-hook.sty
Package: scrlfile-hook 2022/05/01 v3.36 KOMA-Script package (using LaTeX hooks)


(C:\Program Files\MiKTeX\tex/latex/koma-script\scrlogo.sty
Package: scrlogo 2022/05/01 v3.36 KOMA-Script package (logo)
)))
Applying: [2021/05/01] Usage of raw or classic option list on input line 252.
Already applied: [0000/00/00] Usage of raw or classic option list on input line
 368.
)
(C:\Program Files\MiKTeX\tex/generic/pdftexcmds\pdftexcmds.sty
Package: pdftexcmds 2020-06-27 v0.33 Utility functions of pdfTeX for LuaTeX (HO
)

(C:\Program Files\MiKTeX\tex/generic/infwarerr\infwarerr.sty
Package: infwarerr 2019/12/03 v1.5 Providing info/warning/error messages (HO)
)
(C:\Program Files\MiKTeX\tex/generic/ltxcmds\ltxcmds.sty
Package: ltxcmds 2020-05-10 v1.25 LaTeX kernel commands for general use (HO)
)
Package pdftexcmds Info: \pdf@primitive is available.
Package pdftexcmds Info: \pdf@ifprimitive is available.
Package pdftexcmds Info: \pdfdraftmode found.
)
(C:\Program Files\MiKTeX\tex/latex/trimspaces\trimspaces.sty
Package: trimspaces 2009/09/17 v1.1 Trim spaces around a token list
)
(C:\Program Files\MiKTeX\tex/latex/tools\shellesc.sty
Package: shellesc 2019/11/08 v1.0c unified shell escape interface for LaTeX
Package shellesc Info: Restricted shell escape enabled on input line 77.
)
\c@svg@param@lastpage=\count286
\svg@box=\box59
\c@svg@param@currpage=\count287
)
(C:\Program Files\MiKTeX\tex/latex/transparent\transparent.sty
Package: transparent 2019/11/29 v1.4 Transparency via pdfTeX's color stack (HO)


(C:\Program Files\MiKTeX\tex/latex/auxhook\auxhook.sty
Package: auxhook 2019-12-17 v1.6 Hooks for auxiliary files (HO)
))
(C:\Program Files\MiKTeX\tex/latex/pgf/systemlayer\pgfsys.sty
(C:\Program Files\MiKTeX\tex/latex/pgf/utilities\pgfrcs.sty
(C:\Program Files\MiKTeX\tex/generic/pgf/utilities\pgfutil-common.tex
\pgfutil@everybye=\toks35
\pgfutil@tempdima=\dimen173
\pgfutil@tempdimb=\dimen174

(C:\Program Files\MiKTeX\tex/generic/pgf/utilities\pgfutil-common-lists.tex))
(C:\Program Files\MiKTeX\tex/generic/pgf/utilities\pgfutil-latex.def
\pgfutil@abb=\box60
)
(C:\Program Files\MiKTeX\tex/generic/pgf/utilities\pgfrcs.code.tex
(C:\Program Files\MiKTeX\tex/generic/pgf\pgf.revision.tex)
Package: pgfrcs 2021/05/15 v3.1.9a (3.1.9a)
))
(C:\Program Files\MiKTeX\tex/generic/pgf/systemlayer\pgfsys.code.tex
Package: pgfsys 2021/05/15 v3.1.9a (3.1.9a)

(C:\Program Files\MiKTeX\tex/generic/pgf/utilities\pgfkeys.code.tex
\pgfkeys@pathtoks=\toks36
\pgfkeys@temptoks=\toks37

(C:\Program Files\MiKTeX\tex/generic/pgf/utilities\pgfkeysfiltered.code.tex
\pgfkeys@tmptoks=\toks38
))
\pgf@x=\dimen175
\pgf@y=\dimen176
\pgf@xa=\dimen177
\pgf@ya=\dimen178
\pgf@xb=\dimen179
\pgf@yb=\dimen180
\pgf@xc=\dimen181
\pgf@yc=\dimen182
\pgf@xd=\dimen183
\pgf@yd=\dimen184
\w@pgf@writea=\write3
\r@pgf@reada=\read2
\c@pgf@counta=\count288
\c@pgf@countb=\count289
\c@pgf@countc=\count290
\c@pgf@countd=\count291
\t@pgf@toka=\toks39
\t@pgf@tokb=\toks40
\t@pgf@tokc=\toks41
\pgf@sys@id@count=\count292

(C:\Program Files\MiKTeX\tex/generic/pgf/systemlayer\pgf.cfg
File: pgf.cfg 2021/05/15 v3.1.9a (3.1.9a)
)
Driver file for pgf: pgfsys-pdftex.def

(C:\Program Files\MiKTeX\tex/generic/pgf/systemlayer\pgfsys-pdftex.def
File: pgfsys-pdftex.def 2021/05/15 v3.1.9a (3.1.9a)

(C:\Program Files\MiKTeX\tex/generic/pgf/systemlayer\pgfsys-common-pdf.def
File: pgfsys-common-pdf.def 2021/05/15 v3.1.9a (3.1.9a)
)))
(C:\Program Files\MiKTeX\tex/generic/pgf/systemlayer\pgfsyssoftpath.code.tex
File: pgfsyssoftpath.code.tex 2021/05/15 v3.1.9a (3.1.9a)
\pgfsyssoftpath@smallbuffer@items=\count293
\pgfsyssoftpath@bigbuffer@items=\count294
)
(C:\Program Files\MiKTeX\tex/generic/pgf/systemlayer\pgfsysprotocol.code.tex
File: pgfsysprotocol.code.tex 2021/05/15 v3.1.9a (3.1.9a)
))
(C:\Program Files\MiKTeX\tex/latex/l3backend\l3backend-pdftex.def
File: l3backend-pdftex.def 2022-04-20 L3 backend support: PDF output (pdfTeX)
\l__color_backend_stack_int=\count295
\l__pdf_internal_box=\box61
)
(covidPD.Germany.v1.2.aux

LaTeX Warning: Label `(' multiply defined.

)
\openout1 = `covidPD.Germany.v1.2.aux'.

LaTeX Font Info:    Checking defaults for OML/cmm/m/it on input line 71.
LaTeX Font Info:    ... okay on input line 71.
LaTeX Font Info:    Checking defaults for OMS/cmsy/m/n on input line 71.
LaTeX Font Info:    ... okay on input line 71.
LaTeX Font Info:    Checking defaults for OT1/cmr/m/n on input line 71.
LaTeX Font Info:    ... okay on input line 71.
LaTeX Font Info:    Checking defaults for T1/cmr/m/n on input line 71.
LaTeX Font Info:    ... okay on input line 71.
LaTeX Font Info:    Checking defaults for TS1/cmr/m/n on input line 71.
LaTeX Font Info:    ... okay on input line 71.
LaTeX Font Info:    Checking defaults for OMX/cmex/m/n on input line 71.
LaTeX Font Info:    ... okay on input line 71.
LaTeX Font Info:    Checking defaults for U/cmr/m/n on input line 71.
LaTeX Font Info:    ... okay on input line 71.
 (C:\Program Files\MiKTeX\tex/context/base/mkii\supp-pdf.mkii
[Loading MPS to PDF converter (version 2006.09.02).]
\scratchcounter=\count296
\scratchdimen=\dimen185
\scratchbox=\box62
\nofMPsegments=\count297
\nofMParguments=\count298
\everyMPshowfont=\toks42
\MPscratchCnt=\count299
\MPscratchDim=\dimen186
\MPnumerator=\count300
\makeMPintoPDFobject=\count301
\everyMPtoPDFconversion=\toks43
) (C:\Program Files\MiKTeX\tex/latex/epstopdf-pkg\epstopdf-base.sty
Package: epstopdf-base 2020-01-24 v2.11 Base part for package epstopdf
Package epstopdf-base Info: Redefining graphics rule for `.eps' on input line 4
85.

(C:\Program Files\MiKTeX\tex/latex/00miktex\epstopdf-sys.cfg
File: epstopdf-sys.cfg 2021/03/18 v2.0 Configuration of epstopdf for MiKTeX
))
Package lastpage Info: Please have a look at the pageslts package at
(lastpage)             https://www.ctan.org/pkg/pageslts
(lastpage)             ! on input line 71.
Package caption Info: Begin \AtBeginDocument code.
Package caption Info: float package is loaded.
Package caption Info: End \AtBeginDocument code.


LaTeX Font Warning: Font shape `OT1/cmss/bx/n' in size <13> not available
(Font)              size <12> substituted on input line 77.


LaTeX Font Warning: Font shape `OT1/cmss/m/n' in size <24> not available
(Font)              size <24.88> substituted on input line 83.

LaTeX Font Info:    Calculating math sizes for size <11> on input line 92.

LaTeX Font Warning: Font shape `OT1/cmr/m/n' in size <5.5> not available
(Font)              size <5> substituted on input line 92.


LaTeX Font Warning: Font shape `OML/cmm/m/it' in size <5.5> not available
(Font)              size <5> substituted on input line 92.


LaTeX Font Warning: Font shape `OMS/cmsy/m/n' in size <5.5> not available
(Font)              size <5> substituted on input line 92.

\address@aff1=\toks44
\address@aff2=\toks45
Package acronym Info: Label `acro:pd' newly defined as it shall be overridden
although it is yet undefined on input line 148.
Package acronym Info: Label `acro:icarepd' newly defined as it shall be overrid
den
although it is yet undefined on input line 151.
LaTeX Font Info:    Trying to load font information for TS1+cmss on input line 
157.
(C:\Program Files\MiKTeX\tex/latex/base\ts1cmss.fd
File: ts1cmss.fd 2019/12/16 v2.5j Standard LaTeX font definitions
)
Package acronym Info: Label `acro:sdh' newly defined as it shall be overridden
although it is yet undefined on input line 157.


LaTeX Font Warning: Font shape `OT1/cmss/m/sc' in size <10> not available
(Font)              Font shape `OT1/cmr/m/sc' tried instead on input line 157.


LaTeX Warning: Citation `sepulveda2020impact' on page 1 undefined on input line
 189.


LaTeX Warning: Citation `kasar2021lif' on page 1 undefined on input line 189.


LaTeX Warning: Citation `yogev2021covid' on page 1 undefined on input line 189.



LaTeX Warning: Citation `demirtepe2022psychosocial' on page 1 undefined on inpu
t line 189.

LaTeX Font Info:    Font shape `OT1/cmss/m/it' in size <8> not available
(Font)              Font shape `OT1/cmss/m/sl' tried instead on input line 190.

[1{C:/Users/dpedr/AppData/Local/MiKTeX/fonts/map/pdftex/pdftex.map}

]

LaTeX Warning: Citation `yogev2021covid' on page 2 undefined on input line 191.



LaTeX Warning: Citation `brooks2021social' on page 2 undefined on input line 19
1.

[2]

LaTeX Warning: Citation `leiner2016' on page 3 undefined on input line 207.

Package acronym Info: Label `acro:glm' newly defined as it shall be overridden
although it is yet undefined on input line 219.
Package acronym Info: Label `acro:pmm' newly defined as it shall be overridden
although it is yet undefined on input line 219.
Package acronym Info: Label `acro:aic' newly defined as it shall be overridden
although it is yet undefined on input line 219.
Package acronym Info: Label `acro:auc' newly defined as it shall be overridden
although it is yet undefined on input line 219.
[3]
Underfull \hbox (badness 10000) in paragraph at lines 222--222
$[]$[]$\OT1/cmr/m/n/10 https : / / www . bbsr . bund . de / BBSR / DE / forschu
ng / raumbeobachtung /
 []


Underfull \hbox (badness 10000) in paragraph at lines 222--222
\OT1/cmr/m/n/10 Raumabgrenzungen / deutschland / regionen / Raumordnungsregione
n /
 []


LaTeX Warning: Reference `tab3:matchingzaman' on page 4 undefined on input line
 222.

[4]
Package acronym Info: Label `acro:gp' newly defined as it shall be overridden
although it is yet undefined on input line 234.


LaTeX Warning: Reference `tab4:resultsall' on page 5 undefined on input line 23
4.

[5]

LaTeX Warning: Citation `achey2014past' on page 6 undefined on input line 263.


LaTeX Warning: Citation `van2021state' on page 6 undefined on input line 263.


LaTeX Warning: Citation `eggers2020care' on page 6 undefined on input line 263.



LaTeX Warning: Citation `samuels2021digital' on page 6 undefined on input line 
263.


LaTeX Warning: Citation `samuels2021digital' on page 6 undefined on input line 
263.

[6]
Package acronym Info: Label `acro:dpv' newly defined as it shall be overridden
although it is yet undefined on input line 287.
 [7] (covidPD.Germany.v1.2.bbl [8]) [9]
<media//available.questionnaires.jpeg, id=50, 731.73375pt x 1074.0125pt>
File: media//available.questionnaires.jpeg Graphic file (type jpg)
<use media//available.questionnaires.jpeg>
Package pdftex.def Info: media//available.questionnaires.jpeg  used on input li
ne 365.
(pdftex.def)             Requested size: 113.7162pt x 166.8963pt.
<media//population.perskmGER.jpeg, id=51, 731.73375pt x 1074.0125pt>
File: media//population.perskmGER.jpeg Graphic file (type jpg)
<use media//population.perskmGER.jpeg>
Package pdftex.def Info: media//population.perskmGER.jpeg  used on input line 3
69.
(pdftex.def)             Requested size: 113.7162pt x 166.8963pt.
<media//neurologists.10122021.jpeg, id=52, 731.73375pt x 1074.0125pt>
File: media//neurologists.10122021.jpeg Graphic file (type jpg)
<use media//neurologists.10122021.jpeg>
Package pdftex.def Info: media//neurologists.10122021.jpeg  used on input line 
373.
(pdftex.def)             Requested size: 113.7162pt x 166.8963pt.

Overfull \hbox (30.55661pt too wide) in paragraph at lines 364--376
 [][][][] 
 []

<media//fig2.satisfaction.care.v1.0.jpeg, id=53, 674.52pt x 674.52pt>
File: media//fig2.satisfaction.care.v1.0.jpeg Graphic file (type jpg)
<use media//fig2.satisfaction.care.v1.0.jpeg>
Package pdftex.def Info: media//fig2.satisfaction.care.v1.0.jpeg  used on input
 line 382.
(pdftex.def)             Requested size: 324.8978pt x 324.89807pt.

LaTeX Warning: `!h' float specifier changed to `!ht'.

<media//fig3.oddsratios.v1.0.jpeg, id=54, 1054.94125pt x 936.49875pt>
File: media//fig3.oddsratios.v1.0.jpeg Graphic file (type jpg)
<use media//fig3.oddsratios.v1.0.jpeg>
Package pdftex.def Info: media//fig3.oddsratios.v1.0.jpeg  used on input line 3
91.
(pdftex.def)             Requested size: 361.0pt x 320.46309pt.

Overfull \hbox (12.5pt too wide) in paragraph at lines 391--392
 [][] 
 []


LaTeX Warning: `!h' float specifier changed to `!ht'.

<media//fig4.model.comparison.v1.0.jpg, id=55, 1224.575pt x 1159.33125pt>
File: media//fig4.model.comparison.v1.0.jpg Graphic file (type jpg)
<use media//fig4.model.comparison.v1.0.jpg>
Package pdftex.def Info: media//fig4.model.comparison.v1.0.jpg  used on input l
ine 397.
(pdftex.def)             Requested size: 303.23868pt x 287.07246pt.

LaTeX Warning: `!h' float specifier changed to `!ht'.

[10 <./media//available.questionnaires.jpeg> <./media//population.perskmGER.jpe
g> <./media//neurologists.10122021.jpeg>]
Overfull \hbox (11.47942pt too wide) in paragraph at lines 449--463
 [][] 
 []


LaTeX Font Warning: Font shape `OT1/cmss/bx/sc' undefined
(Font)              using `OT1/cmss/bx/n' instead on input line 479.


LaTeX Font Warning: Font shape `OT1/cmss/bx/it' undefined
(Font)              using `OT1/cmss/bx/n' instead on input line 505.


Underfull \hbox (badness 892) in paragraph at lines 515--515
[]\OT1/cmss/m/n/8 B14 - Com-mu-ni-ca-tion chal-lenges pre
 []


Underfull \hbox (badness 10000) in paragraph at lines 515--515
[]\OT1/cmss/m/n/8 Communication
 []


Underfull \hbox (badness 10000) in paragraph at lines 523--523
[]\OT1/cmss/m/n/8 Difficulties of
 []


Underfull \hbox (badness 10000) in paragraph at lines 524--524
[]\OT1/cmss/m/n/8 Difficulties of
 []


Underfull \hbox (badness 10000) in paragraph at lines 525--525
[]\OT1/cmss/m/n/8 Difficulties of
 []


Underfull \hbox (badness 1852) in paragraph at lines 526--526
[]\OT1/cmss/m/n/8 B15 - Ex-pe-ri-enced stigma-ti-za-tion in
 []


Underfull \hbox (badness 10000) in paragraph at lines 529--529
[]\OT1/cmss/m/n/8 Communication
 []


Underfull \hbox (badness 10000) in paragraph at lines 530--530
[]\OT1/cmss/m/n/8 Communication
 []


Underfull \hbox (badness 10000) in paragraph at lines 531--531
[]\OT1/cmss/m/n/8 Communication
 []


Underfull \hbox (badness 10000) in paragraph at lines 532--532
[]\OT1/cmss/m/n/8 Communication
 []


Underfull \hbox (badness 10000) in paragraph at lines 533--533
[]\OT1/cmss/m/n/8 Disparty in
 []


Underfull \hbox (badness 10000) in paragraph at lines 534--534
[]\OT1/cmss/m/n/8 Disparty in
 []


Underfull \hbox (badness 10000) in paragraph at lines 535--535
[]\OT1/cmss/m/n/8 Disparty in
 []


Underfull \hbox (badness 10000) in paragraph at lines 536--536
[]\OT1/cmss/m/n/8 Disparty in
 []


Underfull \hbox (badness 10000) in paragraph at lines 537--537
[]\OT1/cmss/m/n/8 Unavailability
 []


Underfull \hbox (badness 10000) in paragraph at lines 537--537
\OT1/cmss/m/n/8 of Specal-ist
 []


Overfull \hbox (39.6214pt too wide) in paragraph at lines 501--539
 [] 
 []


AED: lastpage setting LastPage
[11 <./media//fig2.satisfaction.care.v1.0.jpeg>] [12 <./media//fig3.oddsratios.
v1.0.jpeg>] [13 <./media//fig4.model.comparison.v1.0.jpg>] [14] [15]
(covidPD.Germany.v1.2.aux)

LaTeX Font Warning: Size substitutions with differences
(Font)              up to 1.0pt have occurred.


LaTeX Font Warning: Some font shapes were not available, defaults substituted.


LaTeX Warning: There were undefined references.


LaTeX Warning: There were multiply-defined labels.

 ) 
Here is how much of TeX's memory you used:
 8195 strings out of 478354
 148526 string characters out of 2846933
 502964 words of memory out of 3000000
 26440 multiletter control sequences out of 15000+600000
 479500 words of font info for 63 fonts, out of 8000000 for 9000
 1141 hyphenation exceptions out of 8191
 94i,11n,92p,1638b,491s stack positions out of 10000i,1000n,20000p,200000b,80000s
{C:/Program Files/MiKTeX/fonts/enc/dvips/cm-super/cm-super-ts1.enc}<C:/Progra
m Files/MiKTeX/fonts/type1/public/amsfonts/cm/cmbx10.pfb><C:/Program Files/MiKT
eX/fonts/type1/public/amsfonts/cm/cmcsc10.pfb><C:/Program Files/MiKTeX/fonts/ty
pe1/public/amsfonts/cm/cmmi10.pfb><C:/Program Files/MiKTeX/fonts/type1/public/a
msfonts/cm/cmmi8.pfb><C:/Program Files/MiKTeX/fonts/type1/public/amsfonts/cm/cm
r10.pfb><C:/Program Files/MiKTeX/fonts/type1/public/amsfonts/cm/cmr5.pfb><C:/Pr
ogram Files/MiKTeX/fonts/type1/public/amsfonts/cm/cmr7.pfb><C:/Program Files/Mi
KTeX/fonts/type1/public/amsfonts/cm/cmr8.pfb><C:/Program Files/MiKTeX/fonts/typ
e1/public/amsfonts/cm/cmss10.pfb><C:/Program Files/MiKTeX/fonts/type1/public/am
sfonts/cm/cmss17.pfb><C:/Program Files/MiKTeX/fonts/type1/public/amsfonts/cm/cm
ss8.pfb><C:/Program Files/MiKTeX/fonts/type1/public/amsfonts/cm/cmssbx10.pfb><C
:/Program Files/MiKTeX/fonts/type1/public/amsfonts/cm/cmssi8.pfb><C:/Program Fi
les/MiKTeX/fonts/type1/public/amsfonts/cm/cmsy7.pfb><C:/Program Files/MiKTeX/fo
nts/type1/public/amsfonts/cm/cmti10.pfb><C:/Program Files/MiKTeX/fonts/type1/pu
blic/cm-super/sfrm1000.pfb><C:/Program Files/MiKTeX/fonts/type1/public/cm-super
/sfss0700.pfb><C:/Program Files/MiKTeX/fonts/type1/public/cm-super/sfss1000.pfb
>
Output written on covidPD.Germany.v1.2.pdf (15 pages, 1854581 bytes).
PDF statistics:
 151 PDF objects out of 1000 (max. 8388607)
 0 named destinations out of 1000 (max. 500000)
 43 words of extra memory for PDF output out of 10000 (max. 10000000)

