This is pdfTeX, Version 3.141592653-2.6-1.40.23 (MiKTeX 21.10) (preloaded format=pdflatex 2021.10.14)  9 MAR 2022 23:51
entering extended mode
**./document_MvM_07032022.tex
(document_MvM_07032022.tex
LaTeX2e <2021-06-01> patch level 1
L3 programming layer <2021-08-27> (bmcart.cls
Document Class: bmcart 2017/07/31BioMed Central class (VS)
(C:\Program Files\MiKTeX\tex/latex/base\article.cls
Document Class: article 2021/02/12 v1.4n Standard LaTeX document class
(C:\Program Files\MiKTeX\tex/latex/base\size10.clo
File: size10.clo 2021/02/12 v1.4n Standard LaTeX file (size option)
)
\c@part=\count182
\c@section=\count183
\c@subsection=\count184
\c@subsubsection=\count185
\c@paragraph=\count186
\c@subparagraph=\count187
\c@figure=\count188
\c@table=\count189
\abovecaptionskip=\skip47
\belowcaptionskip=\skip48
\bibindent=\dimen138
)
\mathindent=\dimen139

(C:\Program Files\MiKTeX\tex/latex/graphics\keyval.sty
Package: keyval 2014/10/28 v1.15 key=value parser (DPC)
\KV@toks@=\toks16
)
(C:\Program Files\MiKTeX\tex/latex/xcolor\xcolor.sty
Package: xcolor 2016/05/11 v2.12 LaTeX color extensions (UK)

(C:\Program Files\MiKTeX\tex/latex/graphics-cfg\color.cfg
File: color.cfg 2016/01/02 v1.6 sample color configuration
)
Package xcolor Info: Driver file: pdftex.def on input line 225.

(C:\Program Files\MiKTeX\tex/latex/graphics-def\pdftex.def
File: pdftex.def 2020/10/05 v1.2a Graphics/color driver for pdftex
)
Package xcolor Info: Model `cmy' substituted by `cmy0' on input line 1348.
Package xcolor Info: Model `hsb' substituted by `rgb' on input line 1352.
Package xcolor Info: Model `RGB' extended on input line 1364.
Package xcolor Info: Model `HTML' substituted by `rgb' on input line 1366.
Package xcolor Info: Model `Hsb' substituted by `hsb' on input line 1367.
Package xcolor Info: Model `tHsb' substituted by `hsb' on input line 1368.
Package xcolor Info: Model `HSB' substituted by `hsb' on input line 1369.
Package xcolor Info: Model `Gray' substituted by `gray' on input line 1370.
Package xcolor Info: Model `wave' substituted by `hsb' on input line 1371.
)
(C:\Program Files\MiKTeX\tex/latex/lastpage\lastpage.sty
Package: lastpage 2021/09/03 v1.2n Refers to last page's name (HMM; JPG)
)
\c@thanks=\count190
\bmcfloat@box=\box50
\c@author=\count191
\c@address=\count192
\sv@mathsurround=\dimen140
\fm@box=\box51
\c@addressref=\count193
\thanks@box=\box52
\abstract@box=\box53
\authors@list=\toks17
\keywords@list=\toks18
)
(C:\Program Files\MiKTeX\tex/latex/amscls\amsthm.sty
Package: amsthm 2020/05/29 v2.20.6
\thm@style=\toks19
\thm@bodyfont=\toks20
\thm@headfont=\toks21
\thm@notefont=\toks22
\thm@headpunct=\toks23
\thm@preskip=\skip49
\thm@postskip=\skip50
\thm@headsep=\skip51
\dth@everypar=\toks24
)
(C:\Program Files\MiKTeX\tex/latex/amsmath\amsmath.sty
Package: amsmath 2021/04/20 v2.17j AMS math features
\@mathmargin=\skip52

For additional information on amsmath, use the `?' option.
(C:\Program Files\MiKTeX\tex/latex/amsmath\amstext.sty
Package: amstext 2000/06/29 v2.01 AMS text

(C:\Program Files\MiKTeX\tex/latex/amsmath\amsgen.sty
File: amsgen.sty 1999/11/30 v2.0 generic functions
\@emptytoks=\toks25
\ex@=\dimen141
))
(C:\Program Files\MiKTeX\tex/latex/amsmath\amsbsy.sty
Package: amsbsy 1999/11/29 v1.2d Bold Symbols
\pmbraise@=\dimen142
)
(C:\Program Files\MiKTeX\tex/latex/amsmath\amsopn.sty
Package: amsopn 2016/03/08 v2.02 operator names
)
\inf@bad=\count194
LaTeX Info: Redefining \frac on input line 234.
\uproot@=\count195
\leftroot@=\count196
LaTeX Info: Redefining \overline on input line 399.
\classnum@=\count197
\DOTSCASE@=\count198
LaTeX Info: Redefining \ldots on input line 496.
LaTeX Info: Redefining \dots on input line 499.
LaTeX Info: Redefining \cdots on input line 620.
\Mathstrutbox@=\box54
\strutbox@=\box55
\big@size=\dimen143
LaTeX Font Info:    Redeclaring font encoding OML on input line 743.
LaTeX Font Info:    Redeclaring font encoding OMS on input line 744.
\macc@depth=\count199
\c@MaxMatrixCols=\count266
\dotsspace@=\muskip16
\c@parentequation=\count267
\dspbrk@lvl=\count268
\tag@help=\toks26
\row@=\count269
\column@=\count270
\maxfields@=\count271
\andhelp@=\toks27
\eqnshift@=\dimen144
\alignsep@=\dimen145
\tagshift@=\dimen146
\tagwidth@=\dimen147
\totwidth@=\dimen148
\lineht@=\dimen149
\@envbody=\toks28
\multlinegap=\skip53
\multlinetaggap=\skip54
\mathdisplay@stack=\toks29
LaTeX Info: Redefining \[ on input line 2923.
LaTeX Info: Redefining \] on input line 2924.
)
(C:\Program Files\MiKTeX\tex/latex/booktabs\booktabs.sty
Package: booktabs 2020/01/12 v1.61803398 Publication quality tables
\heavyrulewidth=\dimen150
\lightrulewidth=\dimen151
\cmidrulewidth=\dimen152
\belowrulesep=\dimen153
\belowbottomsep=\dimen154
\aboverulesep=\dimen155
\abovetopsep=\dimen156
\cmidrulesep=\dimen157
\cmidrulekern=\dimen158
\defaultaddspace=\dimen159
\@cmidla=\count272
\@cmidlb=\count273
\@aboverulesep=\dimen160
\@belowrulesep=\dimen161
\@thisruleclass=\count274
\@lastruleclass=\count275
\@thisrulewidth=\dimen162
)
(C:\Program Files\MiKTeX\tex/latex/base\inputenc.sty
Package: inputenc 2021/02/14 v1.3d Input encoding file
\inpenc@prehook=\toks30
\inpenc@posthook=\toks31
)
(C:\Program Files\MiKTeX\tex/latex/floatrow\floatrow.sty
Package: floatrow 2008/08/02 v0.3b floatrow: float package extension

(C:\Program Files\MiKTeX\tex/latex/caption\caption3.sty
Package: caption3 2020/10/21 v2.2e caption3 kernel (AR)
\captionmargin=\dimen163
\captionmargin@=\dimen164
\captionwidth=\dimen165
\caption@tempdima=\dimen166
\caption@indent=\dimen167
\caption@parindent=\dimen168
\caption@hangindent=\dimen169
Package caption Info: Unknown document class (or package),
(caption)             standard defaults will be used.
Package caption Info: \@makecaption = \long macro:#1#2-> \vskip \abovecaptionsk
ip \parbox [t]{\hsize }{\floatcaption@size {\floatcaptionname@size #1}\hskip .5
em #2\par }\vskip \belowcaptionskip  on input line 1139.
)
\c@float@type=\count276
\float@exts=\toks32
\float@box=\box56
\@floatcapt=\box57
Package floatrow Info: Modified float package code loaded on input line 455.
Package floatrow Info: Modified rotfloat package code loaded on input line 473.

\FR@everyfloat=\toks33
\flrow@foot=\insert252
\FB@wd=\dimen170
\FBo@wd=\dimen171
\FBc@wd=\dimen172
\FBo@ht=\skip55
\FBc@ht=\skip56
\FBf@ht=\skip57
\FBo@max=\skip58
\FBc@max=\skip59
\FBf@max=\skip60
\c@FBl@b=\count277
\floatbox@depth=\count278
\c@FRobj=\count279
\c@FRsobj=\count280
\Xhsize=\skip61
\sXhsize=\skip62
\Zhsize=\skip63
\sZhsize=\skip64
\flrow@rowbox=\box58
\FR@Zunitlength=\dimen173
\c@FBcnt=\count281
\FPOScnt=\count282
\LTleft=\skip65
\LTright=\skip66
\LTleft=\skip67
\LTright=\skip68
\flrow@types=\toks34
)
(C:\Program Files\MiKTeX\tex/latex/graphics\graphicx.sty
Package: graphicx 2020/12/05 v1.2c Enhanced LaTeX Graphics (DPC,SPQR)

(C:\Program Files\MiKTeX\tex/latex/graphics\graphics.sty
Package: graphics 2021/03/04 v1.4d Standard LaTeX Graphics (DPC,SPQR)

(C:\Program Files\MiKTeX\tex/latex/graphics\trig.sty
Package: trig 2016/01/03 v1.10 sin cos tan (DPC)
)
(C:\Program Files\MiKTeX\tex/latex/graphics-cfg\graphics.cfg
File: graphics.cfg 2016/06/04 v1.11 sample graphics configuration
)
Package graphics Info: Driver file: pdftex.def on input line 107.
)
\Gin@req@height=\dimen174
\Gin@req@width=\dimen175
)
(C:\Program Files\MiKTeX\tex/latex/caption\subcaption.sty
Package: subcaption 2020/10/07 v1.3j Sub-captions (AR)

(C:\Program Files\MiKTeX\tex/latex/caption\caption.sty
Package: caption 2020/10/26 v3.5g Customizing captions (AR)


Package caption Warning: Unknown document class (or package),
(caption)                standard defaults will be used.
See the caption package documentation for explanation.

\c@caption@flags=\count283
\c@continuedfloat=\count284
Package caption Info: float package is loaded.
Package caption Info: floatrow package is loaded.
)
\c@subfigure=\count285
\c@subtable=\count286
) (C:\Program Files\MiKTeX\tex/latex/l3backend\l3backend-pdftex.def
File: l3backend-pdftex.def 2021-08-04 L3 backend support: PDF output (pdfTeX)
\l__color_backend_stack_int=\count287
\l__pdf_internal_box=\box59
)
(document_MvM_07032022.aux)
\openout1 = `document_MvM_07032022.aux'.

LaTeX Font Info:    Checking defaults for OML/cmm/m/it on input line 52.
LaTeX Font Info:    ... okay on input line 52.
LaTeX Font Info:    Checking defaults for OMS/cmsy/m/n on input line 52.
LaTeX Font Info:    ... okay on input line 52.
LaTeX Font Info:    Checking defaults for OT1/cmr/m/n on input line 52.
LaTeX Font Info:    ... okay on input line 52.
LaTeX Font Info:    Checking defaults for T1/cmr/m/n on input line 52.
LaTeX Font Info:    ... okay on input line 52.
LaTeX Font Info:    Checking defaults for TS1/cmr/m/n on input line 52.
LaTeX Font Info:    ... okay on input line 52.
LaTeX Font Info:    Checking defaults for OMX/cmex/m/n on input line 52.
LaTeX Font Info:    ... okay on input line 52.
LaTeX Font Info:    Checking defaults for U/cmr/m/n on input line 52.
LaTeX Font Info:    ... okay on input line 52.

(C:\Program Files\MiKTeX\tex/context/base/mkii\supp-pdf.mkii
[Loading MPS to PDF converter (version 2006.09.02).]
\scratchcounter=\count288
\scratchdimen=\dimen176
\scratchbox=\box60
\nofMPsegments=\count289
\nofMParguments=\count290
\everyMPshowfont=\toks35
\MPscratchCnt=\count291
\MPscratchDim=\dimen177
\MPnumerator=\count292
\makeMPintoPDFobject=\count293
\everyMPtoPDFconversion=\toks36
) (C:\Program Files\MiKTeX\tex/latex/epstopdf-pkg\epstopdf-base.sty
Package: epstopdf-base 2020-01-24 v2.11 Base part for package epstopdf
Package epstopdf-base Info: Redefining graphics rule for `.eps' on input line 4
85.

(C:\Program Files\MiKTeX\tex/latex/00miktex\epstopdf-sys.cfg
File: epstopdf-sys.cfg 2021/03/18 v2.0 Configuration of epstopdf for MiKTeX
))
Package lastpage Info: Please have a look at the pageslts package at
(lastpage)             https://www.ctan.org/pkg/pageslts
(lastpage)             ! on input line 52.
Package caption Info: Begin \AtBeginDocument code.
Package caption Info: End \AtBeginDocument code.


LaTeX Font Warning: Font shape `OT1/cmss/bx/n' in size <13> not available
(Font)              size <12> substituted on input line 58.


LaTeX Font Warning: Font shape `OT1/cmss/m/n' in size <24> not available
(Font)              size <24.88> substituted on input line 59.

LaTeX Font Info:    Calculating math sizes for size <11> on input line 80.

LaTeX Font Warning: Font shape `OT1/cmr/m/n' in size <5.5> not available
(Font)              size <5> substituted on input line 80.


LaTeX Font Warning: Font shape `OML/cmm/m/it' in size <5.5> not available
(Font)              size <5> substituted on input line 80.


LaTeX Font Warning: Font shape `OMS/cmsy/m/n' in size <5.5> not available
(Font)              size <5> substituted on input line 80.

LaTeX Font Info:    Trying to load font information for TS1+cmss on input line 
80.
(C:\Program Files\MiKTeX\tex/latex/base\ts1cmss.fd
File: ts1cmss.fd 2019/12/16 v2.5j Standard LaTeX font definitions
)
\address@aff1=\toks37
\address@aff2=\toks38


LaTeX Warning: Citation `(' on page 1 undefined on input line 218.

LaTeX Font Info:    Font shape `OT1/cmss/m/it' in size <8> not available
(Font)              Font shape `OT1/cmss/m/sl' tried instead on input line 221.

[1{C:/Users/dpedr/AppData/Local/MiKTeX/pdftex/config/pdftex.map}

] [2]
<available.questionnaires.jpeg, id=18, 674.52pt x 674.52pt>
File: available.questionnaires.jpeg Graphic file (type jpg)
<use available.questionnaires.jpeg>
Package pdftex.def Info: available.questionnaires.jpeg  used on input line 276.

(pdftex.def)             Requested size: 113.7162pt x 113.70969pt.
<population.perskmGER.jpeg, id=19, 674.52pt x 674.52pt>
File: population.perskmGER.jpeg Graphic file (type jpg)
<use population.perskmGER.jpeg>
Package pdftex.def Info: population.perskmGER.jpeg  used on input line 281.
(pdftex.def)             Requested size: 113.7162pt x 113.70969pt.

Underfull \hbox (badness 10000) in paragraph at lines 282--282
[]\OT1/cmr/m/n/9 (b) |In-hab-i-tants per
 []


Underfull \hbox (badness 8056) in paragraph at lines 282--282
\OT1/cmr/m/n/9 square kilo-me-ter, source:
 []

<neurologists.10122021.jpeg, id=20, 766.865pt x 870.25125pt>
File: neurologists.10122021.jpeg Graphic file (type jpg)
<use neurologists.10122021.jpeg>
Package pdftex.def Info: neurologists.10122021.jpeg  used on input line 286.
(pdftex.def)             Requested size: 113.7162pt x 129.04482pt.

Underfull \hbox (badness 10000) in paragraph at lines 287--287
[]\OT1/cmr/m/n/9 (c) |Den-sity of neu-rol-o-
 []


Underfull \hbox (badness 1057) in paragraph at lines 287--287
\OT1/cmr/m/n/9 gists in Ger-many (source:
 []


Overfull \hbox (18.05661pt too wide) in paragraph at lines 275--290
 [][][][] 
 []

<media//fig2.satisfaction.care.v1.0.jpeg, id=21, 674.52pt x 674.52pt>
File: media//fig2.satisfaction.care.v1.0.jpeg Graphic file (type jpg)
<use media//fig2.satisfaction.care.v1.0.jpeg>
Package pdftex.def Info: media//fig2.satisfaction.care.v1.0.jpeg  used on input
 line 297.
(pdftex.def)             Requested size: 324.8978pt x 324.89807pt.
[3 <./available.questionnaires.jpeg> <./population.perskmGER.jpeg> <./neurologi
sts.10122021.jpeg>] [4 <./media//fig2.satisfaction.care.v1.0.jpeg>]

LaTeX Warning: Citation `koon' on page 5 undefined on input line 340.


LaTeX Warning: Citation `xjon' on page 5 undefined on input line 340.


LaTeX Warning: Citation `marg' on page 5 undefined on input line 340.


LaTeX Warning: Citation `schn' on page 5 undefined on input line 340.


LaTeX Warning: Citation `koha' on page 5 undefined on input line 340.


LaTeX Warning: Citation `issnic' on page 5 undefined on input line 340.

[5] (document_MvM_07032022.bbl) 
AED: lastpage setting LastPage
[6] (document_MvM_07032022.aux)

LaTeX Font Warning: Size substitutions with differences
(Font)              up to 1.0pt have occurred.


LaTeX Warning: There were undefined references.

 ) 
Here is how much of TeX's memory you used:
 5027 strings out of 478927
 77119 string characters out of 2862391
 396578 words of memory out of 3000000
 22848 multiletter control sequences out of 15000+600000
 413039 words of font info for 60 fonts, out of 8000000 for 9000
 1141 hyphenation exceptions out of 8191
 57i,14n,66p,1194b,535s stack positions out of 5000i,500n,10000p,200000b,80000s
 <C:\Users\dpedr\AppData\Local\MiKTeX\fonts/pk/ljfour/jknappen/ec/dpi600\tcss
0500.pk> <C:\Users\dpedr\AppData\Local\MiKTeX\fonts/pk/ljfour/jknappen/ec/dpi60
0\tcss0800.pk><C:/Program Files/MiKTeX/fonts/type1/public/amsfonts/cm/cmbx10.pf
b><C:/Program Files/MiKTeX/fonts/type1/public/amsfonts/cm/cmex10.pfb><C:/Progra
m Files/MiKTeX/fonts/type1/public/amsfonts/cm/cmmi10.pfb><C:/Program Files/MiKT
eX/fonts/type1/public/amsfonts/cm/cmmi7.pfb><C:/Program Files/MiKTeX/fonts/type
1/public/amsfonts/cm/cmmi8.pfb><C:/Program Files/MiKTeX/fonts/type1/public/amsf
onts/cm/cmr10.pfb><C:/Program Files/MiKTeX/fonts/type1/public/amsfonts/cm/cmr5.
pfb><C:/Program Files/MiKTeX/fonts/type1/public/amsfonts/cm/cmr7.pfb><C:/Progra
m Files/MiKTeX/fonts/type1/public/amsfonts/cm/cmr9.pfb><C:/Program Files/MiKTeX
/fonts/type1/public/amsfonts/cm/cmss10.pfb><C:/Program Files/MiKTeX/fonts/type1
/public/amsfonts/cm/cmss17.pfb><C:/Program Files/MiKTeX/fonts/type1/public/amsf
onts/cm/cmss8.pfb><C:/Program Files/MiKTeX/fonts/type1/public/amsfonts/cm/cmssb
x10.pfb><C:/Program Files/MiKTeX/fonts/type1/public/amsfonts/cm/cmssi8.pfb><C:/
Program Files/MiKTeX/fonts/type1/public/amsfonts/cm/cmsy10.pfb><C:/Program File
s/MiKTeX/fonts/type1/public/amsfonts/cm/cmsy7.pfb><C:/Program Files/MiKTeX/font
s/type1/public/amsfonts/cm/cmti10.pfb>
Output written on document_MvM_07032022.pdf (6 pages, 962428 bytes).
PDF statistics:
 120 PDF objects out of 1000 (max. 8388607)
 0 named destinations out of 1000 (max. 500000)
 21 words of extra memory for PDF output out of 10000 (max. 10000000)

